<?xml version="1.0" encoding="UTF-8"?>
<!-- Generated by org.testng.reporters.JUnitReportReporter -->
<testsuite hostname="Anagha" failures="0" tests="9" name="testRunner.TestRunner" time="63.208" errors="0" timestamp="2024-10-07T01:44:40 IST" skipped="0">
  <testcase classname="testRunner.TestRunner" name="runScenario" time="22.506"/>
  <system-out/>
  <testcase classname="testRunner.TestRunner" name="runScenario" time="2.593"/>
  <system-out/>
  <testcase classname="testRunner.TestRunner" name="runScenario" time="2.372"/>
  <system-out/>
  <testcase classname="testRunner.TestRunner" name="runScenario" time="2.173"/>
  <system-out/>
  <testcase classname="testRunner.TestRunner" name="runScenario" time="2.023"/>
  <system-out/>
  <testcase classname="testRunner.TestRunner" name="runScenario" time="4.473"/>
  <system-out/>
  <testcase classname="testRunner.TestRunner" name="runScenario" time="2.363"/>
  <system-out/>
  <testcase classname="testRunner.TestRunner" name="runScenario" time="21.772"/>
  <system-out/>
  <testcase classname="testRunner.TestRunner" name="runScenario" time="2.933"/>
  <system-out/>
</testsuite> <!-- testRunner.TestRunner -->
